#! /usr/bin/vvp
:ivl_version "11.0 (stable)";
:ivl_delay_selection "TYPICAL";
:vpi_time_precision + 0;
:vpi_module "/usr/lib/x86_64-linux-gnu/ivl/system.vpi";
:vpi_module "/usr/lib/x86_64-linux-gnu/ivl/vhdl_sys.vpi";
:vpi_module "/usr/lib/x86_64-linux-gnu/ivl/vhdl_textio.vpi";
:vpi_module "/usr/lib/x86_64-linux-gnu/ivl/v2005_math.vpi";
:vpi_module "/usr/lib/x86_64-linux-gnu/ivl/va_math.vpi";
:vpi_module "/usr/lib/x86_64-linux-gnu/ivl/v2009.vpi";
S_0x5c085f8b2b70 .scope package, "$unit" "$unit" 2 1;
 .timescale 0 0;
S_0x5c085f8b2d00 .scope module, "alu_tb" "alu_tb" 3 1;
 .timescale 0 0;
v0x5c085f8cd710_0 .var "a", 31 0;
v0x5c085f8cd7f0_0 .var "b", 31 0;
v0x5c085f8cd890_0 .var "opcode", 3 0;
v0x5c085f8cd960_0 .net "result", 31 0, v0x5c085f8cd3a0_0;  1 drivers
v0x5c085f8cda30_0 .net "zero", 0 0, L_0x5c085f8ddc80;  1 drivers
S_0x5c085f875cf0 .scope module, "uut" "alu" 3 9, 4 1 0, S_0x5c085f8b2d00;
 .timescale 0 0;
    .port_info 0 /INPUT 32 "a";
    .port_info 1 /INPUT 32 "b";
    .port_info 2 /INPUT 4 "opcode";
    .port_info 3 /OUTPUT 32 "result";
    .port_info 4 /OUTPUT 1 "zero";
L_0x7f2145ad0018 .functor BUFT 1, C4<00000000000000000000000000000000>, C4<0>, C4<0>, C4<0>;
v0x5c085f875f00_0 .net/2u *"_ivl_2", 31 0, L_0x7f2145ad0018;  1 drivers
v0x5c085f8cd120_0 .net "a", 31 0, v0x5c085f8cd710_0;  1 drivers
v0x5c085f8cd200_0 .net "b", 31 0, v0x5c085f8cd7f0_0;  1 drivers
v0x5c085f8cd2c0_0 .net "opcode", 3 0, v0x5c085f8cd890_0;  1 drivers
v0x5c085f8cd3a0_0 .var "result", 31 0;
v0x5c085f8cd4d0_0 .net "shamt", 4 0, L_0x5c085f8cdb20;  1 drivers
v0x5c085f8cd5b0_0 .net "zero", 0 0, L_0x5c085f8ddc80;  alias, 1 drivers
E_0x5c085f8afcc0 .event edge, v0x5c085f8cd2c0_0, v0x5c085f8cd120_0, v0x5c085f8cd200_0, v0x5c085f8cd4d0_0;
L_0x5c085f8cdb20 .part v0x5c085f8cd7f0_0, 0, 5;
L_0x5c085f8ddc80 .cmp/eq 32, v0x5c085f8cd3a0_0, L_0x7f2145ad0018;
    .scope S_0x5c085f875cf0;
T_0 ;
    %wait E_0x5c085f8afcc0;
    %load/vec4 v0x5c085f8cd2c0_0;
    %dup/vec4;
    %pushi/vec4 0, 0, 4;
    %cmp/u;
    %jmp/1 T_0.0, 6;
    %dup/vec4;
    %pushi/vec4 1, 0, 4;
    %cmp/u;
    %jmp/1 T_0.1, 6;
    %dup/vec4;
    %pushi/vec4 2, 0, 4;
    %cmp/u;
    %jmp/1 T_0.2, 6;
    %dup/vec4;
    %pushi/vec4 3, 0, 4;
    %cmp/u;
    %jmp/1 T_0.3, 6;
    %dup/vec4;
    %pushi/vec4 4, 0, 4;
    %cmp/u;
    %jmp/1 T_0.4, 6;
    %dup/vec4;
    %pushi/vec4 5, 0, 4;
    %cmp/u;
    %jmp/1 T_0.5, 6;
    %dup/vec4;
    %pushi/vec4 6, 0, 4;
    %cmp/u;
    %jmp/1 T_0.6, 6;
    %dup/vec4;
    %pushi/vec4 7, 0, 4;
    %cmp/u;
    %jmp/1 T_0.7, 6;
    %pushi/vec4 0, 0, 32;
    %store/vec4 v0x5c085f8cd3a0_0, 0, 32;
    %jmp T_0.9;
T_0.0 ;
    %load/vec4 v0x5c085f8cd120_0;
    %load/vec4 v0x5c085f8cd200_0;
    %add;
    %store/vec4 v0x5c085f8cd3a0_0, 0, 32;
    %jmp T_0.9;
T_0.1 ;
    %load/vec4 v0x5c085f8cd120_0;
    %load/vec4 v0x5c085f8cd200_0;
    %sub;
    %store/vec4 v0x5c085f8cd3a0_0, 0, 32;
    %jmp T_0.9;
T_0.2 ;
    %load/vec4 v0x5c085f8cd120_0;
    %load/vec4 v0x5c085f8cd200_0;
    %and;
    %store/vec4 v0x5c085f8cd3a0_0, 0, 32;
    %jmp T_0.9;
T_0.3 ;
    %load/vec4 v0x5c085f8cd120_0;
    %load/vec4 v0x5c085f8cd200_0;
    %or;
    %store/vec4 v0x5c085f8cd3a0_0, 0, 32;
    %jmp T_0.9;
T_0.4 ;
    %load/vec4 v0x5c085f8cd120_0;
    %load/vec4 v0x5c085f8cd200_0;
    %xor;
    %store/vec4 v0x5c085f8cd3a0_0, 0, 32;
    %jmp T_0.9;
T_0.5 ;
    %load/vec4 v0x5c085f8cd120_0;
    %ix/getv 4, v0x5c085f8cd4d0_0;
    %shiftl 4;
    %store/vec4 v0x5c085f8cd3a0_0, 0, 32;
    %jmp T_0.9;
T_0.6 ;
    %load/vec4 v0x5c085f8cd120_0;
    %ix/getv 4, v0x5c085f8cd4d0_0;
    %shiftr 4;
    %store/vec4 v0x5c085f8cd3a0_0, 0, 32;
    %jmp T_0.9;
T_0.7 ;
    %load/vec4 v0x5c085f8cd120_0;
    %load/vec4 v0x5c085f8cd200_0;
    %cmp/s;
    %flag_mov 8, 5;
    %jmp/0 T_0.10, 8;
    %pushi/vec4 1, 0, 32;
    %jmp/1 T_0.11, 8;
T_0.10 ; End of true expr.
    %pushi/vec4 0, 0, 32;
    %jmp/0 T_0.11, 8;
 ; End of false expr.
    %blend;
T_0.11;
    %store/vec4 v0x5c085f8cd3a0_0, 0, 32;
    %jmp T_0.9;
T_0.9 ;
    %pop/vec4 1;
    %jmp T_0;
    .thread T_0, $push;
    .scope S_0x5c085f8b2d00;
T_1 ;
    %vpi_call/w 3 18 "$display", "Starting ALU test..." {0 0 0};
    %pushi/vec4 10, 0, 32;
    %store/vec4 v0x5c085f8cd710_0, 0, 32;
    %pushi/vec4 5, 0, 32;
    %store/vec4 v0x5c085f8cd7f0_0, 0, 32;
    %pushi/vec4 0, 0, 4;
    %store/vec4 v0x5c085f8cd890_0, 0, 4;
    %delay 10, 0;
    %vpi_call/w 3 23 "$display", "ADD result = %d", v0x5c085f8cd960_0 {0 0 0};
    %pushi/vec4 1, 0, 4;
    %store/vec4 v0x5c085f8cd890_0, 0, 4;
    %delay 10, 0;
    %vpi_call/w 3 28 "$display", "SUB result = %d", v0x5c085f8cd960_0 {0 0 0};
    %pushi/vec4 2, 0, 4;
    %store/vec4 v0x5c085f8cd890_0, 0, 4;
    %delay 10, 0;
    %vpi_call/w 3 33 "$display", "AND result = %d", v0x5c085f8cd960_0 {0 0 0};
    %pushi/vec4 3, 0, 4;
    %store/vec4 v0x5c085f8cd890_0, 0, 4;
    %delay 10, 0;
    %vpi_call/w 3 38 "$display", "OR result = %d", v0x5c085f8cd960_0 {0 0 0};
    %pushi/vec4 4, 0, 4;
    %store/vec4 v0x5c085f8cd890_0, 0, 4;
    %delay 10, 0;
    %vpi_call/w 3 43 "$display", "XOR result = %d", v0x5c085f8cd960_0 {0 0 0};
    %pushi/vec4 2, 0, 32;
    %store/vec4 v0x5c085f8cd7f0_0, 0, 32;
    %pushi/vec4 5, 0, 4;
    %store/vec4 v0x5c085f8cd890_0, 0, 4;
    %delay 10, 0;
    %vpi_call/w 3 49 "$display", "SLL result = %d", v0x5c085f8cd960_0 {0 0 0};
    %pushi/vec4 2, 0, 32;
    %store/vec4 v0x5c085f8cd7f0_0, 0, 32;
    %pushi/vec4 6, 0, 4;
    %store/vec4 v0x5c085f8cd890_0, 0, 4;
    %delay 10, 0;
    %vpi_call/w 3 55 "$display", "SRL result = %d", v0x5c085f8cd960_0 {0 0 0};
    %pushi/vec4 5, 0, 32;
    %store/vec4 v0x5c085f8cd710_0, 0, 32;
    %pushi/vec4 10, 0, 32;
    %store/vec4 v0x5c085f8cd7f0_0, 0, 32;
    %pushi/vec4 7, 0, 4;
    %store/vec4 v0x5c085f8cd890_0, 0, 4;
    %delay 10, 0;
    %vpi_call/w 3 61 "$display", "SLT (5 < 10) result = %d", v0x5c085f8cd960_0 {0 0 0};
    %pushi/vec4 20, 0, 32;
    %store/vec4 v0x5c085f8cd710_0, 0, 32;
    %pushi/vec4 10, 0, 32;
    %store/vec4 v0x5c085f8cd7f0_0, 0, 32;
    %delay 10, 0;
    %vpi_call/w 3 65 "$display", "SLT (20 < 10) result = %d", v0x5c085f8cd960_0 {0 0 0};
    %vpi_call/w 3 67 "$finish" {0 0 0};
    %end;
    .thread T_1;
# The file index is used to find the file name in the following table.
:file_names 5;
    "N/A";
    "<interactive>";
    "-";
    "tb/alu_tb.v";
    "rtl/alu.sv";
